
SQL*Loader: Release 11.2.0.1.0 - Production on Mon Aug 20 20:29:39 2012

Copyright (c) 1982, 2009, Oracle and/or its affiliates.  All rights reserved.

Control File:   tjfw_in.ctl
Data File:      tjfw_in.dat
  File processing option string: "str X'7c0a'"
  Bad File:     tjfw_in.bad
  Discard File: tjfw_in.dsc 
 (Allow all discards)

Number to load: ALL
Number to skip: 0
Errors allowed: 50
Continuation:    none specified
Path used:      Direct

Load is UNRECOVERABLE; invalidation redo is produced.

Table TJFW_IN, loaded from every logical record.
Insert option in effect for this table: TRUNCATE
TRAILING NULLCOLS option in effect

   Column Name                  Position   Len  Term Encl Datatype
------------------------------ ---------- ----- ---- ---- ---------------------
ORIGINAL_NAME                       FIRST  3000   |       CHARACTER            
NORM_NAME                            NEXT  3000   |       CHARACTER            


Table TJFW_IN:
  163 Rows successfully loaded.
  0 Rows not loaded due to data errors.
  0 Rows not loaded because all WHEN clauses were failed.
  0 Rows not loaded because all fields were null.

Bind array size not used in direct path.
Column array  rows :    5000
Stream buffer bytes:  256000
Read   buffer bytes: 1048576

Total logical records skipped:          0
Total logical records read:           163
Total logical records rejected:         0
Total logical records discarded:        0
Total stream buffers loaded by SQL*Loader main thread:        1
Total stream buffers loaded by SQL*Loader load thread:        0

Run began on Mon Aug 20 20:29:39 2012
Run ended on Mon Aug 20 20:29:40 2012

Elapsed time was:     00:00:00.29
CPU time was:         00:00:00.03
