--------------------------------------------------------------
Starting Fri Mar 18 18:57:30 EDT 2011
--------------------------------------------------------------
db: memedb
pid: 10193

    Create mappings ... Fri Mar 18 18:57:30 EDT 2011
    Dump mappings to file... Fri Mar 18 19:32:32 EDT 2011
------------------------------------------------------------
Starting dump_mid.pl ... Fri Mar 18 19:32:32 2011
------------------------------------------------------------
MID:   memedb

dir:   .

    Dumped MTH.T_10193_OUT_MRMAP
------------------------------------------------------------
Finished dump_mid.pl ... Fri Mar 18 19:32:36 2011
------------------------------------------------------------
------------------------------------------------------------
Starting dump_mid.pl ... Fri Mar 18 19:32:36 2011
------------------------------------------------------------
MID:   memedb

dir:   .

    Dumped MTH.T_10193_OUT_BEST_MRMAP
------------------------------------------------------------
Finished dump_mid.pl ... Fri Mar 18 19:32:36 2011
------------------------------------------------------------
--------------------------------------------------------------
Done... Fri Mar 18 19:32:36 EDT 2011
--------------------------------------------------------------
